============================================
å¼€å§‹æ„å»ºäººç±»å‚è€ƒåŸºå› ç»„
============================================
ä½¿ç”¨é€šç”¨æ„å»ºè„šæœ¬: /home/chenglong.liu/RaD/build_ref/c4/build_reference_genome.sh
è¾“å‡ºç›®å½•: /nas/database/scrna/c4-refdata/GRCh38-2024-A_C4/c4
============================================
============================================
å¼€å§‹æ„å»ºå‚è€ƒåŸºå› ç»„
============================================
ç‰©ç§: Homo_sapiens (Human)
åŸºå› ç»„ç‰ˆæœ¬: GRCh38
è¾“å‡ºç›®å½•: /nas/database/scrna/c4-refdata/GRCh38-2024-A_C4/c4
çº¿ç¨‹æ•°: 20
FASTA URL: http://ftp.ebi.ac.uk/pub/databases/gencode/Gencode_human/release_48/GRCh38.p14.genome.fa.gz
GTF URL: http://ftp.ebi.ac.uk/pub/databases/gencode/Gencode_human/release_48/gencode.v48.annotation.gtf.gz
============================================
æ­¥éª¤1: ä¸‹è½½å‚è€ƒåŸºå› ç»„æ–‡ä»¶...
å‘ç°å·²å­˜åœ¨çš„å‹ç¼©æ–‡ä»¶: GRCh38.p14.genome.fa.gz
ä½¿ç”¨å·²å­˜åœ¨çš„æ–‡ä»¶: GRCh38.p14.genome.fa.gz
è§£å‹æ–‡ä»¶: GRCh38.p14.genome.fa.gz
è§£å‹å®Œæˆ: GRCh38.p14.genome.fa
æ–‡ä»¶å¤§å°: 3.2G
é‡å‘½å GRCh38.p14.genome.fa ä¸º genome.fa
æ–‡ä»¶å¤„ç†å®Œæˆ: genome.fa
å‘ç°å·²å­˜åœ¨çš„å‹ç¼©æ–‡ä»¶: gencode.v48.annotation.gtf.gz
ä½¿ç”¨å·²å­˜åœ¨çš„æ–‡ä»¶: gencode.v48.annotation.gtf.gz
è§£å‹æ–‡ä»¶: gencode.v48.annotation.gtf.gz
è§£å‹å®Œæˆ: gencode.v48.annotation.gtf
æ–‡ä»¶å¤§å°: 1.7G
é‡å‘½å gencode.v48.annotation.gtf ä¸º annotation.gtf
æ–‡ä»¶å¤„ç†å®Œæˆ: annotation.gtf
æ­¥éª¤2: è¿‡æ»¤GTFæ–‡ä»¶...
è¿‡æ»¤non-polyAåŸºå› ...
[0;32;40mUsing "gene_type" for Analysis[0m
[0;32;40mThe types of genes obtained are:[0m
protein_coding
lncRNA
lincRNA
antisense
IG_C_gene
IG_D_gene
IG_J_gene
IG_LV_gene
IG_V_gene
IG_V_pseudogene
IG_J_pseudogene
IG_C_pseudogene
TR_C_gene
TR_D_gene
TR_J_gene
TR_V_gene
TR_V_pseudogene
TR_J_pseudogene
[0;32;40mAnalysis Complete[0m
æ­¥éª¤3: æ„å»ºåŸºå› ç»„ç´¢å¼•...
ä½¿ç”¨dnbc4toolsæ„å»ºç´¢å¼•ï¼Œè¿™å¯èƒ½éœ€è¦è¾ƒé•¿æ—¶é—´...
STAR verison: 2.7.2b
runMode: genomeGenerate
runThreadN: 20
limitGenomeGenerateRAM: 125000000000
genomeSAindexNbases: 14
genomeChrBinNbits: 18
genomeDir: /nas/database/scrna/c4-refdata/GRCh38-2024-A_C4/c4
fasta: /nas/database/scrna/c4-refdata/GRCh38-2024-A_C4/c4/genome.fa
gtf: /nas/database/scrna/c4-refdata/GRCh38-2024-A_C4/c4/genes.filter.gtf
2025-12-8  13:55:30 ..... started STAR run
Dec 08 13:55:30 ... starting to generate Genome files
Dec 08 13:56:18 ... starting to sort Suffix Array. This may take a long time...
Dec 08 13:56:30 ... sorting Suffix Array chunks and saving them to disk...
Dec 08 14:15:58 ... loading chunks from disk, packing SA...
Dec 08 14:17:50 ... finished generating suffix array
Dec 08 14:17:50 ... generating Suffix Array index
Dec 08 14:20:48 ... completed Suffix Array index
Dec 08 14:20:48 ..... processing annotations GTF
Dec 08 14:21:15 ..... inserting junctions into the genome indices
Dec 08 14:24:03 ... writing Genome to disk ...
Dec 08 14:24:19 ... writing Suffix Array to disk ...
Dec 08 14:26:33 ... writing SAindex to disk
Dec 08 14:26:40 ..... finished successfully
[0;32;40mAnalysis Complete[0m
æ­¥éª¤4: åˆ›å»ºé…ç½®æ–‡ä»¶...
æå–çº¿ç²’ä½“åŸºå› ...
æ­¥éª¤5: æ¸…ç†ä¸­é—´æ–‡ä»¶...
============================================
å‚è€ƒåŸºå› ç»„æ„å»ºå®Œæˆï¼
============================================
è¾“å‡ºç›®å½•: /nas/database/scrna/c4-refdata/GRCh38-2024-A_C4/c4
æ ¸å¿ƒæ–‡ä»¶:
  - genome.fa (FASTAåºåˆ—)
  - annotation.gtf (åŸå§‹æ³¨é‡Š)
  - genes.filter.gtf (è¿‡æ»¤åæ³¨é‡Š)
  - Genome (STARç´¢å¼•)
  - SAindex (STARç´¢å¼•)
  - ref.json (é…ç½®æ–‡ä»¶)

é…ç½®æ–‡ä»¶å†…å®¹:
{
    "species": "Homo_sapiens",
    "display_name": "Human",
    "genome_version": "GRCh38",
    "genome": "/nas/database/scrna/c4-refdata/GRCh38-2024-A_C4/c4/genome.fa",
    "gtf": "/nas/database/scrna/c4-refdata/GRCh38-2024-A_C4/c4/annotation.gtf",
    "filtered_gtf": "/nas/database/scrna/c4-refdata/GRCh38-2024-A_C4/c4/genes.filter.gtf",
    "genomeDir": "/nas/database/scrna/c4-refdata/GRCh38-2024-A_C4/c4",
    "chrmt": "chrM",
    "mtgenes": "/nas/database/scrna/c4-refdata/GRCh38-2024-A_C4/c4/mtgene.list",
    "build_date": "2025-12-08",
    "build_tool": "DNBC4tools",
    "threads_used": 20
}

ä½¿ç”¨ä»¥ä¸‹å‘½ä»¤éªŒè¯æ„å»º:
  ls -lh /nas/database/scrna/c4-refdata/GRCh38-2024-A_C4/c4

æ„å»ºæ—¥å¿—å·²ä¿å­˜åˆ°: build.log
============================================
============================================
äººç±»å‚è€ƒåŸºå› ç»„æ„å»ºè„šæœ¬æ‰§è¡Œå®Œæˆ
============================================
æ³¨æ„: å¦‚æœå‚è€ƒåŸºå› ç»„å·²å­˜åœ¨ï¼Œè„šæœ¬å°†è·³è¿‡å·²æœ‰æ–‡ä»¶
å¦‚éœ€å¼ºåˆ¶é‡æ–°æ„å»ºï¼Œè¯·å…ˆåˆ é™¤è¾“å‡ºç›®å½•ä¸­çš„æ–‡ä»¶

è¾“å‡ºç›®å½•å†…å®¹:
total 37G
-rw-rw-r-- 1 chenglong.liu chenglong.liu 1.7G Dec  8 13:54 annotation.gtf
-rw-rw-r-- 1 chenglong.liu chenglong.liu  447 Dec  8 14:26 _bt_log
-rw-rw-r-- 1 chenglong.liu chenglong.liu  418 Dec  8 14:26 build.log
-rw-rw-r-- 1 chenglong.liu chenglong.liu 4.7K Dec  8 13:56 chrLength.txt
-rw-rw-r-- 1 chenglong.liu chenglong.liu  13K Dec  8 13:56 chrNameLength.txt
-rw-rw-r-- 1 chenglong.liu chenglong.liu 7.5K Dec  8 13:56 chrName.txt
-rw-rw-r-- 1 chenglong.liu chenglong.liu 7.6K Dec  8 13:56 chrStart.txt
-rw-rw-r-- 1 chenglong.liu chenglong.liu  73M Dec  8 14:21 exonGeTrInfo.tab
-rw-rw-r-- 1 chenglong.liu chenglong.liu  30M Dec  8 14:21 exonInfo.tab
-rw-rw-r-- 1 chenglong.liu chenglong.liu 2.2M Dec  8 14:21 geneInfo.tab
-rw-rw-r-- 1 chenglong.liu chenglong.liu 1.7G Dec  8 13:54 genes.filter.gtf
-rw-rw-r-- 1 chenglong.liu chenglong.liu 3.3G Dec  8 14:24 Genome
-rw-rw-r-- 1 chenglong.liu chenglong.liu 3.2G Dec  8 13:53 genome.fa
-rw-rw-r-- 1 chenglong.liu chenglong.liu  934 Dec  8 14:24 genomeParameters.txt
-rw-rw-r-- 1 chenglong.liu chenglong.liu  82K Dec  8 14:26 Log.out
-rw-rw-r-- 1 chenglong.liu chenglong.liu   94 Dec  8 14:26 mtgene.list
-rw-rw-r-- 1 chenglong.liu chenglong.liu  605 Dec  8 14:26 ref.json
-rw-rw-r-- 1 chenglong.liu chenglong.liu  25G Dec  8 14:26 SA
-rw-rw-r-- 1 chenglong.liu chenglong.liu 1.5G Dec  8 14:26 SAindex
-rw-rw-r-- 1 chenglong.liu chenglong.liu  15M Dec  8 14:21 sjdbInfo.txt
-rw-rw-r-- 1 chenglong.liu chenglong.liu  16M Dec  8 14:21 sjdbList.fromGTF.out.tab
-rw-rw-r-- 1 chenglong.liu chenglong.liu  13M Dec  8 14:21 sjdbList.out.tab
-rw-rw-r-- 1 chenglong.liu chenglong.liu  24M Dec  8 14:21 transcriptInfo.tab
============================================
