============================================
å¼€å§‹æ„å»ºå°é¼ å‚è€ƒåŸºå› ç»„
============================================
ä½¿ç”¨é€šç”¨æ„å»ºè„šæœ¬: /home/chenglong.liu/RaD/build_ref/c4/build_reference_genome.sh
è¾“å‡ºç›®å½•: /nas/database/scrna/c4-refdata/GRCm39-2024-A_C4/c4
============================================
============================================
å¼€å§‹æ„å»ºå‚è€ƒåŸºå› ç»„
============================================
ç‰©ç§: Mus_musculus (Mouse)
åŸºå› ç»„ç‰ˆæœ¬: GRCm39
è¾“å‡ºç›®å½•: /nas/database/scrna/c4-refdata/GRCm39-2024-A_C4/c4
çº¿ç¨‹æ•°: 20
FASTA URL: http://ftp.ebi.ac.uk/pub/databases/gencode/Gencode_mouse/release_M33/GRCm39.genome.fa.gz
GTF URL: http://ftp.ebi.ac.uk/pub/databases/gencode/Gencode_mouse/release_M33/gencode.vM33.annotation.gtf.gz
============================================
æ­¥éª¤1: ä¸‹è½½å‚è€ƒåŸºå› ç»„æ–‡ä»¶...
å‘ç°å·²å­˜åœ¨çš„å‹ç¼©æ–‡ä»¶: GRCm39.genome.fa.gz
ä½¿ç”¨å·²å­˜åœ¨çš„æ–‡ä»¶: GRCm39.genome.fa.gz
è§£å‹æ–‡ä»¶: GRCm39.genome.fa.gz
è§£å‹å®Œæˆ: GRCm39.genome.fa
æ–‡ä»¶å¤§å°: 2.6G
é‡å‘½å GRCm39.genome.fa ä¸º genome.fa
æ–‡ä»¶å¤„ç†å®Œæˆ: genome.fa
å‘ç°å·²å­˜åœ¨çš„å‹ç¼©æ–‡ä»¶: gencode.vM33.annotation.gtf.gz
ä½¿ç”¨å·²å­˜åœ¨çš„æ–‡ä»¶: gencode.vM33.annotation.gtf.gz
è§£å‹æ–‡ä»¶: gencode.vM33.annotation.gtf.gz
è§£å‹å®Œæˆ: gencode.vM33.annotation.gtf
æ–‡ä»¶å¤§å°: 829M
é‡å‘½å gencode.vM33.annotation.gtf ä¸º annotation.gtf
æ–‡ä»¶å¤„ç†å®Œæˆ: annotation.gtf
æ­¥éª¤2: è¿‡æ»¤GTFæ–‡ä»¶...
è¿‡æ»¤non-polyAåŸºå› ...
[0;32;40mUsing "gene_type" for Analysis[0m
[0;32;40mThe types of genes obtained are:[0m
protein_coding
lncRNA
lincRNA
antisense
IG_C_gene
IG_D_gene
IG_J_gene
IG_LV_gene
IG_V_gene
IG_V_pseudogene
IG_J_pseudogene
IG_C_pseudogene
TR_C_gene
TR_D_gene
TR_J_gene
TR_V_gene
TR_V_pseudogene
TR_J_pseudogene
[0;32;40mAnalysis Complete[0m
æ­¥éª¤3: æ„å»ºåŸºå› ç»„ç´¢å¼•...
ä½¿ç”¨dnbc4toolsæ„å»ºç´¢å¼•ï¼Œè¿™å¯èƒ½éœ€è¦è¾ƒé•¿æ—¶é—´...
STAR verison: 2.7.2b
runMode: genomeGenerate
runThreadN: 20
limitGenomeGenerateRAM: 125000000000
genomeSAindexNbases: 14
genomeChrBinNbits: 18
genomeDir: /nas/database/scrna/c4-refdata/GRCm39-2024-A_C4/c4
fasta: /nas/database/scrna/c4-refdata/GRCm39-2024-A_C4/c4/genome.fa
gtf: /nas/database/scrna/c4-refdata/GRCm39-2024-A_C4/c4/genes.filter.gtf
2025-12-8  9:26:44 ..... started STAR run
Dec 08 09:26:44 ... starting to generate Genome files
Dec 08 09:27:22 ... starting to sort Suffix Array. This may take a long time...
Dec 08 09:27:31 ... sorting Suffix Array chunks and saving them to disk...
Dec 08 09:34:38 ... loading chunks from disk, packing SA...
Dec 08 09:36:01 ... finished generating suffix array
Dec 08 09:36:01 ... generating Suffix Array index
Dec 08 09:38:44 ... completed Suffix Array index
Dec 08 09:38:44 ..... processing annotations GTF
Dec 08 09:38:51 ..... inserting junctions into the genome indices
Dec 08 09:40:42 ... writing Genome to disk ...
Dec 08 09:40:56 ... writing Suffix Array to disk ...
Dec 08 09:42:59 ... writing SAindex to disk
Dec 08 09:43:07 ..... finished successfully
[0;32;40mAnalysis Complete[0m
æ­¥éª¤4: åˆ›å»ºé…ç½®æ–‡ä»¶...
æå–çº¿ç²’ä½“åŸºå› ...
æ­¥éª¤5: æ¸…ç†ä¸­é—´æ–‡ä»¶...
============================================
å‚è€ƒåŸºå› ç»„æ„å»ºå®Œæˆï¼
============================================
è¾“å‡ºç›®å½•: /nas/database/scrna/c4-refdata/GRCm39-2024-A_C4/c4
æ ¸å¿ƒæ–‡ä»¶:
  - genome.fa (FASTAåºåˆ—)
  - annotation.gtf (åŸå§‹æ³¨é‡Š)
  - genes.filter.gtf (è¿‡æ»¤åæ³¨é‡Š)
  - Genome (STARç´¢å¼•)
  - SAindex (STARç´¢å¼•)
  - ref.json (é…ç½®æ–‡ä»¶)

é…ç½®æ–‡ä»¶å†…å®¹:
{
    "species": "Mus_musculus",
    "display_name": "Mouse",
    "genome_version": "GRCm39",
    "genome": "/nas/database/scrna/c4-refdata/GRCm39-2024-A_C4/c4/genome.fa",
    "gtf": "/nas/database/scrna/c4-refdata/GRCm39-2024-A_C4/c4/annotation.gtf",
    "filtered_gtf": "/nas/database/scrna/c4-refdata/GRCm39-2024-A_C4/c4/genes.filter.gtf",
    "genomeDir": "/nas/database/scrna/c4-refdata/GRCm39-2024-A_C4/c4",
    "chrmt": "chrM",
    "mtgenes": "/nas/database/scrna/c4-refdata/GRCm39-2024-A_C4/c4/mtgene.list",
    "build_date": "2025-12-08",
    "build_tool": "DNBC4tools",
    "threads_used": 20
}

ä½¿ç”¨ä»¥ä¸‹å‘½ä»¤éªŒè¯æ„å»º:
  ls -lh /nas/database/scrna/c4-refdata/GRCm39-2024-A_C4/c4

æ„å»ºæ—¥å¿—å·²ä¿å­˜åˆ°: build.log
============================================
============================================
å°é¼ å‚è€ƒåŸºå› ç»„æ„å»ºè„šæœ¬æ‰§è¡Œå®Œæˆ
============================================
æ³¨æ„: å¦‚æœå‚è€ƒåŸºå› ç»„å·²å­˜åœ¨ï¼Œè„šæœ¬å°†è·³è¿‡å·²æœ‰æ–‡ä»¶
å¦‚éœ€å¼ºåˆ¶é‡æ–°æ„å»ºï¼Œè¯·å…ˆåˆ é™¤è¾“å‡ºç›®å½•ä¸­çš„æ–‡ä»¶

è¾“å‡ºç›®å½•å†…å®¹:
total 30G
-rw-rw-r-- 1 chenglong.liu chenglong.liu 829M Dec  8 09:26 annotation.gtf
-rw-rw-r-- 1 chenglong.liu chenglong.liu  447 Dec  8 09:43 _bt_log
-rw-rw-r-- 1 chenglong.liu chenglong.liu  417 Dec  8 09:43 build.log
-rw-rw-r-- 1 chenglong.liu chenglong.liu  459 Dec  8 09:27 chrLength.txt
-rw-rw-r-- 1 chenglong.liu chenglong.liu 1008 Dec  8 09:27 chrNameLength.txt
-rw-rw-r-- 1 chenglong.liu chenglong.liu  549 Dec  8 09:27 chrName.txt
-rw-rw-r-- 1 chenglong.liu chenglong.liu  666 Dec  8 09:27 chrStart.txt
-rw-rw-r-- 1 chenglong.liu chenglong.liu  28M Dec  8 09:38 exonGeTrInfo.tab
-rw-rw-r-- 1 chenglong.liu chenglong.liu  12M Dec  8 09:38 exonInfo.tab
-rw-rw-r-- 1 chenglong.liu chenglong.liu 1.3M Dec  8 09:38 geneInfo.tab
-rw-rw-r-- 1 chenglong.liu chenglong.liu 827M Dec  8 09:26 genes.filter.gtf
-rw-rw-r-- 1 chenglong.liu chenglong.liu 2.7G Dec  8 09:40 Genome
-rw-rw-r-- 1 chenglong.liu chenglong.liu 2.6G Dec  8 09:26 genome.fa
-rw-rw-r-- 1 chenglong.liu chenglong.liu  934 Dec  8 09:40 genomeParameters.txt
-rw-rw-r-- 1 chenglong.liu chenglong.liu  15K Dec  8 09:43 Log.out
-rw-rw-r-- 1 chenglong.liu chenglong.liu   95 Dec  8 09:43 mtgene.list
-rw-rw-r-- 1 chenglong.liu chenglong.liu  605 Dec  8 09:43 ref.json
-rw-rw-r-- 1 chenglong.liu chenglong.liu  21G Dec  8 09:42 SA
-rw-rw-r-- 1 chenglong.liu chenglong.liu 1.5G Dec  8 09:43 SAindex
-rw-rw-r-- 1 chenglong.liu chenglong.liu 7.9M Dec  8 09:38 sjdbInfo.txt
-rw-rw-r-- 1 chenglong.liu chenglong.liu 8.6M Dec  8 09:38 sjdbList.fromGTF.out.tab
-rw-rw-r-- 1 chenglong.liu chenglong.liu 7.0M Dec  8 09:38 sjdbList.out.tab
-rw-rw-r-- 1 chenglong.liu chenglong.liu 8.1M Dec  8 09:38 transcriptInfo.tab
============================================
